<?xml version="1.0" encoding="UTF-8"?>
<testsuite name="PaymentPageTest" tests="1" skipped="0" failures="1" errors="0" timestamp="2024-07-29T16:31:39" hostname="Andrews-MacBook-Pro.local" time="2.255">
  <properties/>
  <testcase name="verifySuccessStatusOrderTest()" classname="PaymentPageTest" time="2.255">
    <failure message="java.util.NoSuchElementException: No line found" type="java.util.NoSuchElementException">java.util.NoSuchElementException: No line found
	at java.base/java.util.Scanner.nextLine(Scanner.java:1651)
	at com.solidgate.ui.utils.ConsoleUtils.readLine(ConsoleUtils.java:8)
	at PaymentPageTest.verifySuccessStatusOrderTest(PaymentPageTest.java:22)
	at java.base/java.lang.reflect.Method.invoke(Method.java:567)
	at java.base/java.util.ArrayList.forEach(ArrayList.java:1511)
	at java.base/java.util.ArrayList.forEach(ArrayList.java:1511)
</failure>
  </testcase>
  <system-out><![CDATA[]]></system-out>
  <system-err><![CDATA[SLF4J: No SLF4J providers were found.
SLF4J: Defaulting to no-operation (NOP) logger implementation
SLF4J: See https://www.slf4j.org/codes.html#noProviders for further details.
]]></system-err>
</testsuite>
